17:45:17.277 INFO [ActiveSessionFactory.apply] - Capabilities are: {
  "browserName": "chrome",
  "goog:chromeOptions": {
    "args": [
      "--headless",
      "--window-size=1400,1000"
    ]
  }
}
17:45:17.279 INFO [ActiveSessionFactory.lambda$apply$11] - Matched factory org.openqa.selenium.grid.session.remote.ServicedSession$Factory (provider: org.openqa.selenium.chrome.ChromeDriverService)
Starting ChromeDriver 83.0.4103.39 (ccbf011cb2d2b19b506d844400483861342c20cd-refs/branch-heads/4103@{#416}) on port 30658
Only local connections are allowed.
Please see https://chromedriver.chromium.org/security-considerations for suggestions on keeping ChromeDriver safe.
ChromeDriver was started successfully.
[1596210317.771][WARNING]: This version of ChromeDriver has not been tested with Chrome version 84.
17:45:18.043 INFO [ProtocolHandshake.createSession] - Detected dialect: W3C
17:45:18.064 INFO [RemoteSession$Factory.lambda$performHandshake$0] - Started new session 59544ecce31fbd7083f8032b2121cd31 (org.openqa.selenium.chrome.ChromeDriverService)
17:45:22.906 INFO [ActiveSessions$1.onStop] - Removing session 59544ecce31fbd7083f8032b2121cd31 (org.openqa.selenium.chrome.ChromeDriverService)
17:45:22.954 INFO [ActiveSessionFactory.apply] - Capabilities are: {
  "browserName": "chrome",
  "goog:chromeOptions": {
    "args": [
      "--headless",
      "--window-size=1400,1000"
    ]
  }
}
17:45:22.955 INFO [ActiveSessionFactory.lambda$apply$11] - Matched factory org.openqa.selenium.grid.session.remote.ServicedSession$Factory (provider: org.openqa.selenium.chrome.ChromeDriverService)
Starting ChromeDriver 83.0.4103.39 (ccbf011cb2d2b19b506d844400483861342c20cd-refs/branch-heads/4103@{#416}) on port 1364
Only local connections are allowed.
Please see https://chromedriver.chromium.org/security-considerations for suggestions on keeping ChromeDriver safe.
ChromeDriver was started successfully.
[1596210323.202][WARNING]: This version of ChromeDriver has not been tested with Chrome version 84.
17:45:23.471 INFO [ProtocolHandshake.createSession] - Detected dialect: W3C
17:45:23.473 INFO [RemoteSession$Factory.lambda$performHandshake$0] - Started new session 8909501f0deb519927418f9c19d4707a (org.openqa.selenium.chrome.ChromeDriverService)
17:45:28.097 INFO [ActiveSessions$1.onStop] - Removing session 8909501f0deb519927418f9c19d4707a (org.openqa.selenium.chrome.ChromeDriverService)
17:45:28.158 INFO [ActiveSessionFactory.apply] - Capabilities are: {
  "browserName": "chrome",
  "goog:chromeOptions": {
    "args": [
      "--headless",
      "--window-size=1400,1000"
    ]
  }
}
17:45:28.159 INFO [ActiveSessionFactory.lambda$apply$11] - Matched factory org.openqa.selenium.grid.session.remote.ServicedSession$Factory (provider: org.openqa.selenium.chrome.ChromeDriverService)
Starting ChromeDriver 83.0.4103.39 (ccbf011cb2d2b19b506d844400483861342c20cd-refs/branch-heads/4103@{#416}) on port 2994
Only local connections are allowed.
Please see https://chromedriver.chromium.org/security-considerations for suggestions on keeping ChromeDriver safe.
ChromeDriver was started successfully.
[1596210328.434][WARNING]: This version of ChromeDriver has not been tested with Chrome version 84.
17:45:28.726 INFO [ProtocolHandshake.createSession] - Detected dialect: W3C
17:45:28.729 INFO [RemoteSession$Factory.lambda$performHandshake$0] - Started new session 978537531a4d95c150500bfd64f1e52f (org.openqa.selenium.chrome.ChromeDriverService)
17:45:33.523 INFO [ActiveSessions$1.onStop] - Removing session 978537531a4d95c150500bfd64f1e52f (org.openqa.selenium.chrome.ChromeDriverService)
17:45:33.579 INFO [ActiveSessionFactory.apply] - Capabilities are: {
  "browserName": "chrome",
  "goog:chromeOptions": {
    "args": [
      "--headless",
      "--window-size=1400,1000"
    ]
  }
}
17:45:33.580 INFO [ActiveSessionFactory.lambda$apply$11] - Matched factory org.openqa.selenium.grid.session.remote.ServicedSession$Factory (provider: org.openqa.selenium.chrome.ChromeDriverService)
Starting ChromeDriver 83.0.4103.39 (ccbf011cb2d2b19b506d844400483861342c20cd-refs/branch-heads/4103@{#416}) on port 43902
Only local connections are allowed.
Please see https://chromedriver.chromium.org/security-considerations for suggestions on keeping ChromeDriver safe.
ChromeDriver was started successfully.
[1596210333.870][WARNING]: This version of ChromeDriver has not been tested with Chrome version 84.
17:45:34.100 INFO [ProtocolHandshake.createSession] - Detected dialect: W3C
17:45:34.102 INFO [RemoteSession$Factory.lambda$performHandshake$0] - Started new session 367ca8fee1406c0fc246e2348ef74857 (org.openqa.selenium.chrome.ChromeDriverService)
17:45:38.275 INFO [ActiveSessions$1.onStop] - Removing session 367ca8fee1406c0fc246e2348ef74857 (org.openqa.selenium.chrome.ChromeDriverService)
17:45:38.320 INFO [ActiveSessionFactory.apply] - Capabilities are: {
  "browserName": "chrome",
  "goog:chromeOptions": {
    "args": [
      "--headless",
      "--window-size=1400,1000"
    ]
  }
}
17:45:38.321 INFO [ActiveSessionFactory.lambda$apply$11] - Matched factory org.openqa.selenium.grid.session.remote.ServicedSession$Factory (provider: org.openqa.selenium.chrome.ChromeDriverService)
Starting ChromeDriver 83.0.4103.39 (ccbf011cb2d2b19b506d844400483861342c20cd-refs/branch-heads/4103@{#416}) on port 15289
Only local connections are allowed.
Please see https://chromedriver.chromium.org/security-considerations for suggestions on keeping ChromeDriver safe.
ChromeDriver was started successfully.
[1596210338.549][WARNING]: This version of ChromeDriver has not been tested with Chrome version 84.
17:45:38.803 INFO [ProtocolHandshake.createSession] - Detected dialect: W3C
17:45:38.804 INFO [RemoteSession$Factory.lambda$performHandshake$0] - Started new session 79b8e91e13f08d91397fc5a21e350c67 (org.openqa.selenium.chrome.ChromeDriverService)
17:45:49.050 INFO [ActiveSessions$1.onStop] - Removing session 79b8e91e13f08d91397fc5a21e350c67 (org.openqa.selenium.chrome.ChromeDriverService)
17:45:49.082 INFO [ActiveSessionFactory.apply] - Capabilities are: {
  "browserName": "chrome",
  "goog:chromeOptions": {
    "args": [
      "--headless",
      "--window-size=1400,1000"
    ]
  }
}
17:45:49.083 INFO [ActiveSessionFactory.lambda$apply$11] - Matched factory org.openqa.selenium.grid.session.remote.ServicedSession$Factory (provider: org.openqa.selenium.chrome.ChromeDriverService)
Starting ChromeDriver 83.0.4103.39 (ccbf011cb2d2b19b506d844400483861342c20cd-refs/branch-heads/4103@{#416}) on port 48968
Only local connections are allowed.
Please see https://chromedriver.chromium.org/security-considerations for suggestions on keeping ChromeDriver safe.
ChromeDriver was started successfully.
[1596210349.305][WARNING]: This version of ChromeDriver has not been tested with Chrome version 84.
17:45:49.504 INFO [ProtocolHandshake.createSession] - Detected dialect: W3C
17:45:49.505 INFO [RemoteSession$Factory.lambda$performHandshake$0] - Started new session 24618519d69bb4bcb23c63246b115a0f (org.openqa.selenium.chrome.ChromeDriverService)
17:45:53.760 INFO [ActiveSessions$1.onStop] - Removing session 24618519d69bb4bcb23c63246b115a0f (org.openqa.selenium.chrome.ChromeDriverService)
17:45:53.796 INFO [ActiveSessionFactory.apply] - Capabilities are: {
  "browserName": "chrome",
  "goog:chromeOptions": {
    "args": [
      "--headless",
      "--window-size=1400,1000"
    ]
  }
}
17:45:53.796 INFO [ActiveSessionFactory.lambda$apply$11] - Matched factory org.openqa.selenium.grid.session.remote.ServicedSession$Factory (provider: org.openqa.selenium.chrome.ChromeDriverService)
Starting ChromeDriver 83.0.4103.39 (ccbf011cb2d2b19b506d844400483861342c20cd-refs/branch-heads/4103@{#416}) on port 6631
Only local connections are allowed.
Please see https://chromedriver.chromium.org/security-considerations for suggestions on keeping ChromeDriver safe.
ChromeDriver was started successfully.
[1596210354.020][WARNING]: This version of ChromeDriver has not been tested with Chrome version 84.
17:45:54.225 INFO [ProtocolHandshake.createSession] - Detected dialect: W3C
17:45:54.226 INFO [RemoteSession$Factory.lambda$performHandshake$0] - Started new session 89a3c5c50b81f6b2d93468a80207745f (org.openqa.selenium.chrome.ChromeDriverService)
17:46:04.547 INFO [ActiveSessions$1.onStop] - Removing session 89a3c5c50b81f6b2d93468a80207745f (org.openqa.selenium.chrome.ChromeDriverService)
